#
# A fatal error has been detected by the Java Runtime Environment:
#
#  SIGSEGV (0xb) at pc=0x00000001098cca31, pid=2387, tid=27911
#
# JRE version: Java(TM) SE Runtime Environment (8.0_65-b17) (build 1.8.0_65-b17)
# Java VM: Java HotSpot(TM) 64-Bit Server VM (25.65-b01 mixed mode bsd-amd64 compressed oops)
# Problematic frame:
# j  sun.reflect.GeneratedMethodAccessor186.invoke(Ljava/lang/Object;[Ljava/lang/Object;)Ljava/lang/Object;+24
#
# Failed to write core dump. Core dumps have been disabled. To enable core dumping, try "ulimit -c unlimited" before starting Java again
#
# If you would like to submit a bug report, please visit:
#   http://bugreport.java.com/bugreport/crash.jsp
#

---------------  T H R E A D  ---------------

Current thread (0x00007feef8f86000):  JavaThread "Daemon worker Thread 4" [_thread_in_Java, id=27911, stack(0x000070000b08b000,0x000070000b18b000)]

siginfo: si_signo: 11 (SIGSEGV), si_code: 1 (SEGV_MAPERR), si_addr: 0x000000d1191de420

Registers:
RAX=0x0000000000000000, RBX=0x000000d1191de3d0, RCX=0x000000011a507028, RDX=0x00000001098b29d0
RSP=0x000070000b188248, RBP=0x000070000b188298, RSI=0x0000000782f17220, RDI=0x00000007b5f46dc0
R8 =0x00000000000002ed, R9 =0x00000001192bfe28, R10=0x00000001022dffc0, R11=0x00000000f05e2e44
R12=0x0000000000000000, R13=0x000070000b188250, R14=0x000070000b1882b8, R15=0x00007feef8f86000
RIP=0x00000001098cca31, EFLAGS=0x0000000000010246, ERR=0x0000000000000004
  TRAPNO=0x000000000000000e

Top of Stack: (sp=0x000070000b188248)
0x000070000b188248:   00000001098b29d0 00000007b5f43ff8
0x000070000b188258:   000070000b188258 000000011a506f20
0x000070000b188268:   000070000b1882b8 000000011a507028
0x000070000b188278:   0000000000000000 000000011a506f58
0x000070000b188288:   000070000b188250 000070000b1882c0
0x000070000b188298:   0000000782f17210 000000010a25c1dc
0x000070000b1882a8:   00000007b5f46dc0 000000078178ae00
0x000070000b1882b8:   0000000782f17220 00000007816e3e40
0x000070000b1882c8:   000000078178ae00 00000007b5f46dc0
0x000070000b1882d8:   00000007816f29d0 00000001f02de54e
0x000070000b1882e8:   00000007b5f46dc0 0000000782f17248
0x000070000b1882f8:   0000000109359390 000070000b188408
0x000070000b188308:   000000010ba3f244 000070000b188398
0x000070000b188318:   00000001098b29d0 0000000000000000
0x000070000b188328:   00000007816f29d0 0000000000000000
0x000070000b188338:   00000007816f29d0 00000007b5f47408
0x000070000b188348:   00000007816e3e40 0000000782f02e10
0x000070000b188358:   000070000b188358 0000000109354c08
0x000070000b188368:   000070000b1883c0 00000007816f29d0
0x000070000b188378:   000000078178ae00 00000007b5f46dc0
0x000070000b188388:   0000000000000000 000070000b188408
0x000070000b188398:   00000001098b29d0 00000001098b2aa4
0x000070000b1883a8:   00000001098b29d0 00000007b5f46dc0
0x000070000b1883b8:   000000078178ae00 00000007816f29d0
0x000070000b1883c8:   000070000b1883c8 0000000109358e3f
0x000070000b1883d8:   000070000b188470 000000010936e288
0x000070000b1883e8:   0000000000000000 0000000109358f98
0x000070000b1883f8:   000070000b1883b0 000070000b188458
0x000070000b188408:   000070000b1884b8 00000001098b2aa4
0x000070000b188418:   0000000000000000 0000000782f02e10
0x000070000b188428:   00000007b5f473f0 0000000780990e08
0x000070000b188438:   00000007b5f473d8 0000000000000000 

Instructions: (pc=0x00000001098cca31)
0x00000001098cca11:   48 83 c0 10 4c 8b 68 d8 41 83 ed 04 41 c1 e5 03
0x00000001098cca21:   49 03 c5 48 89 45 e0 4c 8d 6c 24 08 4c 89 6d f0
0x00000001098cca31:   ff 63 50 0f 1f 40 00 00 00 00 00 00 00 00 00 a0
0x00000001098cca41:   09 00 00 00 00 00 00 98 c2 fc 01 01 00 00 00 b9 

Register to memory mapping:

RAX=0x0000000000000000 is an unknown value
RBX=0x000000d1191de3d0 is an unknown value
RCX=0x000000011a507028 is pointing into metadata
RDX=0x00000001098b29d0 is at code_begin+1456 in an Interpreter codelet
invoke return entry points  [0x00000001098b2420, 0x00000001098b2d20]  2304 bytes
RSP=0x000070000b188248 is pointing into the stack for thread: 0x00007feef8f86000
RBP=0x000070000b188298 is pointing into the stack for thread: 0x00007feef8f86000
RSI=0x0000000782f17220 is an oop
sun.reflect.GeneratedMethodAccessor186 
 - klass: 'sun/reflect/GeneratedMethodAccessor186'
RDI=0x00000007b5f46dc0 is an oop
[Ljava.lang.Object; 
 - klass: 'java/lang/Object'[]
 - length: 1
R8 =0x00000000000002ed is an unknown value
R9 =0x00000001192bfe28 is pointing into metadata
R10=0x00000001022dffc0: _ZN19TemplateInterpreter20_invoke_return_entryE+0 in /Library/Java/JavaVirtualMachines/jdk1.8.0_65.jdk/Contents/Home/jre/lib/server/libjvm.dylib at 0x0000000101a00000
R11=0x00000000f05e2e44 is an unknown value
R12=0x0000000000000000 is an unknown value
R13=0x000070000b188250 is pointing into the stack for thread: 0x00007feef8f86000
R14=0x000070000b1882b8 is pointing into the stack for thread: 0x00007feef8f86000
R15=0x00007feef8f86000 is a thread


Stack: [0x000070000b08b000,0x000070000b18b000],  sp=0x000070000b188248,  free space=1012k
Native frames: (J=compiled Java code, j=interpreted, Vv=VM code, C=native code)
j  sun.reflect.GeneratedMethodAccessor186.invoke(Ljava/lang/Object;[Ljava/lang/Object;)Ljava/lang/Object;+24
J 7132 C2 org.codehaus.groovy.reflection.CachedMethod.invoke(Ljava/lang/Object;[Ljava/lang/Object;)Ljava/lang/Object; (70 bytes) @ 0x000000010a25c1dc [0x000000010a25c140+0x9c]
J 13196 C1 groovy.lang.MetaMethod.doMethodInvoke(Ljava/lang/Object;[Ljava/lang/Object;)Ljava/lang/Object; (22 bytes) @ 0x000000010ba3f244 [0x000000010ba3f080+0x1c4]
j  groovy.lang.MetaClassImpl.invokeStaticMethod(Ljava/lang/Object;Ljava/lang/String;[Ljava/lang/Object;)Ljava/lang/Object;+223
j  org.codehaus.groovy.runtime.callsite.StaticMetaClassSite.callStatic(Ljava/lang/Class;[Ljava/lang/Object;)Ljava/lang/Object;+18
j  org.codehaus.groovy.runtime.callsite.AbstractCallSite.callStatic(Ljava/lang/Class;Ljava/lang/Object;)Ljava/lang/Object;+33
j  com.android.build.gradle.tasks.MergeSourceSetFolders.getRawInputFolders()Ljava/lang/Iterable;+63
j  com.android.build.gradle.tasks.MergeSourceSetFolders_Decorated.getRawInputFolders()Ljava/lang/Iterable;+7
j  sun.reflect.GeneratedMethodAccessor185.invoke(Ljava/lang/Object;[Ljava/lang/Object;)Ljava/lang/Object;+36
J 14564 C2 org.gradle.api.internal.project.taskfactory.AnnotationProcessingTaskFactory$PropertyInfo.getValue(Ljava/lang/Object;)Lorg/gradle/api/internal/project/taskfactory/AnnotationProcessingTaskFactory$PropertyValue; (65 bytes) @ 0x000000010bcb5b90 [0x000000010bcb59a0+0x1f0]
J 7603 C1 org.gradle.api.internal.project.taskfactory.AnnotationProcessingTaskFactory$Validator$1.call()Ljava/lang/Object; (17 bytes) @ 0x000000010a81f744 [0x000000010a81f6a0+0xa4]
J 7610 C1 org.gradle.api.internal.file.collections.BuildDependenciesOnlyFileCollectionResolveContext.add(Ljava/lang/Object;)Lorg/gradle/api/internal/file/collections/FileCollectionResolveContext; (276 bytes) @ 0x000000010a26e7dc [0x000000010a26db20+0xcbc]
J 7610 C1 org.gradle.api.internal.file.collections.BuildDependenciesOnlyFileCollectionResolveContext.add(Ljava/lang/Object;)Lorg/gradle/api/internal/file/collections/FileCollectionResolveContext; (276 bytes) @ 0x000000010a26ec24 [0x000000010a26db20+0x1104]
J 7558 C1 org.gradle.api.internal.file.collections.DefaultConfigurableFileCollection.visitDependencies(Lorg/gradle/api/internal/tasks/TaskDependencyResolveContext;)V (16 bytes) @ 0x000000010a2a27dc [0x000000010a2a2460+0x37c]
J 14604 C2 org.gradle.internal.graph.CachingDirectedGraphWalker$GraphWithEmpyEdges.getNodeValues(Ljava/lang/Object;Ljava/util/Collection;Ljava/util/Collection;)V (13 bytes) @ 0x000000010bcae7ec [0x000000010bcae700+0xec]
J 7531 C1 org.gradle.internal.graph.CachingDirectedGraphWalker.doSearch()Ljava/util/Set; (650 bytes) @ 0x000000010a6fa61c [0x000000010a6f8d80+0x189c]
J 7563 C1 org.gradle.api.internal.tasks.CachingTaskDependencyResolveContext.resolve(Lorg/gradle/api/Task;)Ljava/util/Set; (62 bytes) @ 0x000000010a24ca4c [0x000000010a24c680+0x3cc]
J 9973 C1 org.gradle.api.internal.tasks.CachingTaskDependencyResolveContext.getDependencies(Lorg/gradle/api/Task;)Ljava/util/Set; (16 bytes) @ 0x000000010b2beffc [0x000000010b2bef40+0xbc]
J 7601 C1 org.gradle.execution.taskgraph.DefaultTaskExecutionPlan.realizedDependencies(Lorg/gradle/api/Task;Lorg/gradle/api/tasks/TaskDependency;)Ljava/util/Set; (74 bytes) @ 0x000000010a820284 [0x000000010a820180+0x104]
j  org.gradle.execution.taskgraph.DefaultTaskExecutionPlan.addToTaskGraph(Ljava/util/Collection;)V+251
j  org.gradle.execution.taskgraph.DefaultTaskGraphExecuter.addTasks(Ljava/lang/Iterable;)V+81
j  org.gradle.execution.TaskNameResolvingBuildConfigurationAction.configure(Lorg/gradle/execution/BuildExecutionContext;)V+124
j  org.gradle.execution.DefaultBuildConfigurationActionExecuter.configure(Ljava/util/List;Lorg/gradle/api/internal/GradleInternal;I)V+32
j  org.gradle.execution.DefaultBuildConfigurationActionExecuter.access$000(Lorg/gradle/execution/DefaultBuildConfigurationActionExecuter;Ljava/util/List;Lorg/gradle/api/internal/GradleInternal;I)V+4
j  org.gradle.execution.DefaultBuildConfigurationActionExecuter$1.proceed()V+18
j  org.gradle.execution.DefaultTasksBuildExecutionAction.configure(Lorg/gradle/execution/BuildExecutionContext;)V+58
j  org.gradle.execution.DefaultBuildConfigurationActionExecuter.configure(Ljava/util/List;Lorg/gradle/api/internal/GradleInternal;I)V+32
j  org.gradle.execution.DefaultBuildConfigurationActionExecuter.access$000(Lorg/gradle/execution/DefaultBuildConfigurationActionExecuter;Ljava/util/List;Lorg/gradle/api/internal/GradleInternal;I)V+4
j  org.gradle.execution.DefaultBuildConfigurationActionExecuter$1.proceed()V+18
j  org.gradle.execution.ExcludedTaskFilteringBuildConfigurationAction.configure(Lorg/gradle/execution/BuildExecutionContext;)V+102
j  org.gradle.execution.DefaultBuildConfigurationActionExecuter.configure(Ljava/util/List;Lorg/gradle/api/internal/GradleInternal;I)V+32
j  org.gradle.execution.DefaultBuildConfigurationActionExecuter.select(Lorg/gradle/api/internal/GradleInternal;)V+29
j  org.gradle.initialization.DefaultGradleLauncher$3.run()V+14
J 4263 C1 org.gradle.internal.Factories$1.create()Ljava/lang/Object; (11 bytes) @ 0x000000010a648934 [0x000000010a6488c0+0x74]
j  org.gradle.internal.progress.DefaultBuildOperationExecutor.run(Lorg/gradle/internal/progress/BuildOperationDetails;Lorg/gradle/internal/Factory;)Ljava/lang/Object;+171
j  org.gradle.internal.progress.DefaultBuildOperationExecutor.run(Ljava/lang/String;Ljava/lang/Runnable;)V+12
j  org.gradle.initialization.DefaultGradleLauncher.doBuildStages(Lorg/gradle/initialization/DefaultGradleLauncher$Stage;)V+66
j  org.gradle.initialization.DefaultGradleLauncher.access$200(Lorg/gradle/initialization/DefaultGradleLauncher;Lorg/gradle/initialization/DefaultGradleLauncher$Stage;)V+2
j  org.gradle.initialization.DefaultGradleLauncher$1.create()Lorg/gradle/BuildResult;+29
j  org.gradle.initialization.DefaultGradleLauncher$1.create()Ljava/lang/Object;+1
j  org.gradle.internal.progress.DefaultBuildOperationExecutor.run(Lorg/gradle/internal/progress/BuildOperationDetails;Lorg/gradle/internal/Factory;)Ljava/lang/Object;+171
j  org.gradle.internal.progress.DefaultBuildOperationExecutor.run(Ljava/lang/String;Lorg/gradle/internal/Factory;)Ljava/lang/Object;+9
j  org.gradle.initialization.DefaultGradleLauncher.doBuild(Lorg/gradle/initialization/DefaultGradleLauncher$Stage;)Lorg/gradle/BuildResult;+25
j  org.gradle.initialization.DefaultGradleLauncher.run()Lorg/gradle/BuildResult;+4
j  org.gradle.launcher.exec.InProcessBuildActionExecuter$DefaultBuildController.run()Lorg/gradle/api/internal/GradleInternal;+4
j  org.gradle.tooling.internal.provider.runner.BuildModelActionRunner.run(Lorg/gradle/internal/invocation/BuildAction;Lorg/gradle/internal/invocation/BuildController;)V+29
j  org.gradle.launcher.exec.ChainingBuildActionRunner.run(Lorg/gradle/internal/invocation/BuildAction;Lorg/gradle/internal/invocation/BuildController;)V+34
j  org.gradle.tooling.internal.provider.runner.SubscribableBuildActionRunner.run(Lorg/gradle/internal/invocation/BuildAction;Lorg/gradle/internal/invocation/BuildController;)V+37
j  org.gradle.launcher.exec.ChainingBuildActionRunner.run(Lorg/gradle/internal/invocation/BuildAction;Lorg/gradle/internal/invocation/BuildController;)V+34
j  org.gradle.launcher.exec.InProcessBuildActionExecuter.execute(Lorg/gradle/internal/invocation/BuildAction;Lorg/gradle/initialization/BuildRequestContext;Lorg/gradle/launcher/exec/BuildActionParameters;Lorg/gradle/internal/service/ServiceRegistry;)Ljava/lang/Object;+63
j  org.gradle.launcher.exec.InProcessBuildActionExecuter.execute(Lorg/gradle/internal/invocation/BuildAction;Lorg/gradle/initialization/BuildRequestContext;Ljava/lang/Object;Lorg/gradle/internal/service/ServiceRegistry;)Ljava/lang/Object;+9
j  org.gradle.launcher.exec.ContinuousBuildActionExecuter.execute(Lorg/gradle/internal/invocation/BuildAction;Lorg/gradle/initialization/BuildRequestContext;Lorg/gradle/launcher/exec/BuildActionParameters;Lorg/gradle/internal/service/ServiceRegistry;)Ljava/lang/Object;+70
j  org.gradle.launcher.exec.ContinuousBuildActionExecuter.execute(Lorg/gradle/internal/invocation/BuildAction;Lorg/gradle/initialization/BuildRequestContext;Ljava/lang/Object;Lorg/gradle/internal/service/ServiceRegistry;)Ljava/lang/Object;+9
j  org.gradle.launcher.daemon.server.exec.ExecuteBuild.doBuild(Lorg/gradle/launcher/daemon/server/api/DaemonCommandExecution;Lorg/gradle/launcher/daemon/protocol/Build;)V+74
j  org.gradle.launcher.daemon.server.exec.BuildCommandOnly.execute(Lorg/gradle/launcher/daemon/server/api/DaemonCommandExecution;)V+49
j  org.gradle.launcher.daemon.server.api.DaemonCommandExecution.proceed()Z+28
j  org.gradle.launcher.daemon.server.exec.WatchForDisconnection.execute(Lorg/gradle/launcher/daemon/server/api/DaemonCommandExecution;)V+19
j  org.gradle.launcher.daemon.server.api.DaemonCommandExecution.proceed()Z+28
j  org.gradle.launcher.daemon.server.exec.ResetDeprecationLogger.execute(Lorg/gradle/launcher/daemon/server/api/DaemonCommandExecution;)V+4
j  org.gradle.launcher.daemon.server.api.DaemonCommandExecution.proceed()Z+28
j  org.gradle.launcher.daemon.server.exec.RequestStopIfSingleUsedDaemon.execute(Lorg/gradle/launcher/daemon/server/api/DaemonCommandExecution;)V+31
j  org.gradle.launcher.daemon.server.api.DaemonCommandExecution.proceed()Z+28
j  org.gradle.launcher.daemon.server.exec.ForwardClientInput$2.call()Ljava/lang/Void;+4
j  org.gradle.launcher.daemon.server.exec.ForwardClientInput$2.call()Ljava/lang/Object;+1
j  org.gradle.util.Swapper.swap(Ljava/lang/Object;Ljava/util/concurrent/Callable;)Ljava/lang/Object;+21
j  org.gradle.launcher.daemon.server.exec.ForwardClientInput.execute(Lorg/gradle/launcher/daemon/server/api/DaemonCommandExecution;)V+63
j  org.gradle.launcher.daemon.server.api.DaemonCommandExecution.proceed()Z+28
j  org.gradle.launcher.daemon.server.health.DaemonHealthTracker.execute(Lorg/gradle/launcher/daemon/server/api/DaemonCommandExecution;)V+35
j  org.gradle.launcher.daemon.server.api.DaemonCommandExecution.proceed()Z+28
j  org.gradle.launcher.daemon.server.exec.LogToClient.doBuild(Lorg/gradle/launcher/daemon/server/api/DaemonCommandExecution;Lorg/gradle/launcher/daemon/protocol/Build;)V+106
j  org.gradle.launcher.daemon.server.exec.BuildCommandOnly.execute(Lorg/gradle/launcher/daemon/server/api/DaemonCommandExecution;)V+49
j  org.gradle.launcher.daemon.server.api.DaemonCommandExecution.proceed()Z+28
j  org.gradle.launcher.daemon.server.exec.EstablishBuildEnvironment.doBuild(Lorg/gradle/launcher/daemon/server/api/DaemonCommandExecution;Lorg/gradle/launcher/daemon/protocol/Build;)V+243
j  org.gradle.launcher.daemon.server.exec.BuildCommandOnly.execute(Lorg/gradle/launcher/daemon/server/api/DaemonCommandExecution;)V+49
j  org.gradle.launcher.daemon.server.api.DaemonCommandExecution.proceed()Z+28
j  org.gradle.launcher.daemon.server.health.HintGCAfterBuild.execute(Lorg/gradle/launcher/daemon/server/api/DaemonCommandExecution;)V+1
j  org.gradle.launcher.daemon.server.api.DaemonCommandExecution.proceed()Z+28
j  org.gradle.launcher.daemon.server.exec.StartBuildOrRespondWithBusy$1.run()V+44
j  org.gradle.launcher.daemon.server.DaemonStateCoordinator$1.run()V+4
j  org.gradle.internal.concurrent.ExecutorPolicy$CatchAndRecordFailures.onExecute(Ljava/lang/Runnable;)V+1
j  org.gradle.internal.concurrent.StoppableExecutorImpl$1.run()V+25
j  java.util.concurrent.ThreadPoolExecutor.runWorker(Ljava/util/concurrent/ThreadPoolExecutor$Worker;)V+95
j  java.util.concurrent.ThreadPoolExecutor$Worker.run()V+5
j  java.lang.Thread.run()V+11
v  ~StubRoutines::call_stub
V  [libjvm.dylib+0x2eab02]  JavaCalls::call_helper(JavaValue*, methodHandle*, JavaCallArguments*, Thread*)+0x6ae
V  [libjvm.dylib+0x2eb290]  JavaCalls::call_virtual(JavaValue*, KlassHandle, Symbol*, Symbol*, JavaCallArguments*, Thread*)+0x164
V  [libjvm.dylib+0x2eb43c]  JavaCalls::call_virtual(JavaValue*, Handle, KlassHandle, Symbol*, Symbol*, Thread*)+0x4a
V  [libjvm.dylib+0x345959]  thread_entry(JavaThread*, Thread*)+0x7c
V  [libjvm.dylib+0x5612d3]  JavaThread::thread_main_inner()+0x9b
V  [libjvm.dylib+0x5629ce]  JavaThread::run()+0x1c2
V  [libjvm.dylib+0x48342e]  java_start(Thread*)+0xf6
C  [libsystem_pthread.dylib+0x3abb]  _pthread_body+0xb4
C  [libsystem_pthread.dylib+0x3a07]  _pthread_body+0x0
C  [libsystem_pthread.dylib+0x3231]  thread_start+0xd
C  0x0000000000000000


---------------  P R O C E S S  ---------------

Java Threads: ( => current thread )
  0x00007feefd446800 JavaThread "Stdin handler" [_thread_blocked, id=68871, stack(0x000070000b211000,0x000070000b311000)]
=>0x00007feef8f86000 JavaThread "Daemon worker Thread 4" [_thread_in_Java, id=27911, stack(0x000070000b08b000,0x000070000b18b000)]
  0x00007feef8e45000 JavaThread "Cancel handler" [_thread_blocked, id=28935, stack(0x000070000af88000,0x000070000b088000)]
  0x00007feef7fa5000 JavaThread "Handler for socket connection from /127.0.0.1:61895 to /127.0.0.1:54887" [_thread_in_native, id=20503, stack(0x000070000ae85000,0x000070000af85000)]
  0x00007feef874a800 JavaThread "Daemon Thread 4" [_thread_blocked, id=20251, stack(0x000070000ad82000,0x000070000ae82000)]
  0x00007feefd11d000 JavaThread "Java2D Disposer" daemon [_thread_blocked, id=65807, stack(0x000070000cab3000,0x000070000cbb3000)]
  0x00007feefd7b8000 JavaThread "Java2D Queue Flusher" daemon [_thread_blocked, id=62215, stack(0x000070000c9b0000,0x000070000cab0000)]
  0x00007feefe6eb800 JavaThread "AWT-AppKit" daemon [_thread_in_native, id=2059, stack(0x00007fff5e2dd000,0x00007fff5eadd000)]
  0x00007feef948f000 JavaThread "File lock request listener" [_thread_in_native, id=4103, stack(0x0000700009d4f000,0x0000700009e4f000)]
  0x00007feef8a4d000 JavaThread "Incoming local TCP Connector on port 61895" [_thread_in_native, id=19715, stack(0x000070000ac7f000,0x000070000ad7f000)]
  0x00007feef8888000 JavaThread "Service Thread" daemon [_thread_blocked, id=18691, stack(0x000070000aa79000,0x000070000ab79000)]
  0x00007feef8887800 JavaThread "C1 CompilerThread2" daemon [_thread_blocked, id=18179, stack(0x000070000a976000,0x000070000aa76000)]
  0x00007feef7809800 JavaThread "C2 CompilerThread1" daemon [_thread_in_native, id=17667, stack(0x000070000a873000,0x000070000a973000)]
  0x00007feef8831800 JavaThread "C2 CompilerThread0" daemon [_thread_in_native, id=17155, stack(0x000070000a770000,0x000070000a870000)]
  0x00007feef8830800 JavaThread "Signal Dispatcher" daemon [_thread_blocked, id=16643, stack(0x000070000a66d000,0x000070000a76d000)]
  0x00007feef882e800 JavaThread "Finalizer" daemon [_thread_blocked, id=12547, stack(0x000070000a56a000,0x000070000a66a000)]
  0x00007feef801e800 JavaThread "Reference Handler" daemon [_thread_blocked, id=12035, stack(0x000070000a467000,0x000070000a567000)]
  0x00007feef8805800 JavaThread "main" [_thread_blocked, id=7171, stack(0x0000700009e55000,0x0000700009f55000)]

Other Threads:
  0x00007feef9000800 VMThread [stack: 0x000070000a364000,0x000070000a464000] [id=11523]
  0x00007feef7803000 WatcherThread [stack: 0x000070000ab7c000,0x000070000ac7c000] [id=19203]

VM state:not at safepoint (normal execution)

VM Mutex/Monitor currently owned by a thread: None

Heap:
 PSYoungGen      total 313344K, used 185005K [0x00000007aab00000, 0x00000007c0000000, 0x00000007c0000000)
  eden space 277504K, 66% used [0x00000007aab00000,0x00000007b5fab560,0x00000007bba00000)
  from space 35840K, 0% used [0x00000007bba00000,0x00000007bba00000,0x00000007bdd00000)
  to   space 35840K, 0% used [0x00000007bdd00000,0x00000007bdd00000,0x00000007c0000000)
 ParOldGen       total 82432K, used 71922K [0x0000000780000000, 0x0000000785080000, 0x00000007aab00000)
  object space 82432K, 87% used [0x0000000780000000,0x000000078463cae0,0x0000000785080000)
 Metaspace       used 66701K, capacity 70859K, committed 71040K, reserved 1112064K
  class space    used 8431K, capacity 9279K, committed 9344K, reserved 1048576K

Card table byte_map: [0x0000000102d5a000,0x0000000102f5b000] byte_map_base: 0x00000000ff15a000

Marking Bits: (ParMarkBitMap*) 0x00000001022dee20
 Begin Bits: [0x00000001030b1000, 0x00000001040b1000)
 End Bits:   [0x00000001040b1000, 0x00000001050b1000)

Polling page: 0x00000001011f7000

CodeCache: size=245760Kb used=38989Kb max_used=39006Kb free=206770Kb
 bounds [0x00000001098ab000, 0x000000010befb000, 0x00000001188ab000]
 total_blobs=13498 nmethods=12641 adapters=768
 compilation: enabled

Compilation events (10 events):
Event: 591.074 Thread 0x00007feef8887800 15526       1       org.gradle.api.internal.tasks.DefaultTaskContainer::access$000 (5 bytes)
Event: 591.075 Thread 0x00007feef8887800 nmethod 15526 0x000000010bed9d90 code [0x000000010bed9ee0, 0x000000010bed9fd0]
Event: 591.084 Thread 0x00007feef8887800 15527   !   2       sun.nio.cs.StreamEncoder::forOutputStreamWriter (48 bytes)
Event: 591.085 Thread 0x00007feef8887800 nmethod 15527 0x000000010bed81d0 code [0x000000010bed83a0, 0x000000010bed8828]
Event: 591.086 Thread 0x00007feef8887800 15528   !   2       java.io.OutputStreamWriter::<init> (32 bytes)
Event: 591.086 Thread 0x00007feef8887800 nmethod 15528 0x000000010bed7b50 code [0x000000010bed7ce0, 0x000000010bed8028]
Event: 591.087 Thread 0x00007feef8887800 15529       2       org.gradle.api.internal.project.AbstractProject::getRootProject (5 bytes)
Event: 591.087 Thread 0x00007feef8887800 nmethod 15529 0x000000010bed7810 code [0x000000010bed7960, 0x000000010bed7ab0]
Event: 591.087 Thread 0x00007feef7809800 nmethod 15448 0x000000010beed410 code [0x000000010beed7a0, 0x000000010bef0a18]
Event: 591.088 Thread 0x00007feef7809800 15525       4       org.gradle.model.internal.registry.DefaultModelRegistry$TransitionNodeToState::calculateDependencies (112 bytes)

GC Heap History (10 events):
Event: 117.253 GC heap before
{Heap before GC invocations=17 (full 3):
 PSYoungGen      total 276480K, used 275461K [0x00000007aab00000, 0x00000007c0000000, 0x00000007c0000000)
  eden space 256000K, 100% used [0x00000007aab00000,0x00000007ba500000,0x00000007ba500000)
  from space 20480K, 95% used [0x00000007ba500000,0x00000007bb801528,0x00000007bb900000)
  to   space 23552K, 0% used [0x00000007be900000,0x00000007be900000,0x00000007c0000000)
 ParOldGen       total 82432K, used 52193K [0x0000000780000000, 0x0000000785080000, 0x00000007aab00000)
  object space 82432K, 63% used [0x0000000780000000,0x00000007832f8580,0x0000000785080000)
 Metaspace       used 54579K, capacity 57589K, committed 57728K, reserved 1099776K
  class space    used 7393K, capacity 8056K, committed 8064K, reserved 1048576K
Event: 117.357 GC heap after
Heap after GC invocations=17 (full 3):
 PSYoungGen      total 319488K, used 22739K [0x00000007aab00000, 0x00000007c0000000, 0x00000007c0000000)
  eden space 295936K, 0% used [0x00000007aab00000,0x00000007aab00000,0x00000007bcc00000)
  from space 23552K, 96% used [0x00000007be900000,0x00000007bff34f30,0x00000007c0000000)
  to   space 26624K, 0% used [0x00000007bcc00000,0x00000007bcc00000,0x00000007be600000)
 ParOldGen       total 82432K, used 55211K [0x0000000780000000, 0x0000000785080000, 0x00000007aab00000)
  object space 82432K, 66% used [0x0000000780000000,0x00000007835eae20,0x0000000785080000)
 Metaspace       used 54579K, capacity 57589K, committed 57728K, reserved 1099776K
  class space    used 7393K, capacity 8056K, committed 8064K, reserved 1048576K
}
Event: 286.533 GC heap before
{Heap before GC invocations=18 (full 3):
 PSYoungGen      total 319488K, used 318675K [0x00000007aab00000, 0x00000007c0000000, 0x00000007c0000000)
  eden space 295936K, 100% used [0x00000007aab00000,0x00000007bcc00000,0x00000007bcc00000)
  from space 23552K, 96% used [0x00000007be900000,0x00000007bff34f30,0x00000007c0000000)
  to   space 26624K, 0% used [0x00000007bcc00000,0x00000007bcc00000,0x00000007be600000)
 ParOldGen       total 82432K, used 55211K [0x0000000780000000, 0x0000000785080000, 0x00000007aab00000)
  object space 82432K, 66% used [0x0000000780000000,0x00000007835eae20,0x0000000785080000)
 Metaspace       used 62135K, capacity 65563K, committed 65664K, reserved 1105920K
  class space    used 7992K, capacity 8750K, committed 8832K, reserved 1048576K
Event: 286.607 GC heap after
Heap after GC invocations=18 (full 3):
 PSYoungGen      total 322048K, used 26084K [0x00000007aab00000, 0x00000007c0000000, 0x00000007c0000000)
  eden space 295936K, 0% used [0x00000007aab00000,0x00000007aab00000,0x00000007bcc00000)
  from space 26112K, 99% used [0x00000007bcc00000,0x00000007be579100,0x00000007be580000)
  to   space 27136K, 0% used [0x00000007be580000,0x00000007be580000,0x00000007c0000000)
 ParOldGen       total 82432K, used 55235K [0x0000000780000000, 0x0000000785080000, 0x00000007aab00000)
  object space 82432K, 67% used [0x0000000780000000,0x00000007835f0e20,0x0000000785080000)
 Metaspace       used 62135K, capacity 65563K, committed 65664K, reserved 1105920K
  class space    used 7992K, capacity 8750K, committed 8832K, reserved 1048576K
}
Event: 293.084 GC heap before
{Heap before GC invocations=19 (full 3):
 PSYoungGen      total 322048K, used 322020K [0x00000007aab00000, 0x00000007c0000000, 0x00000007c0000000)
  eden space 295936K, 100% used [0x00000007aab00000,0x00000007bcc00000,0x00000007bcc00000)
  from space 26112K, 99% used [0x00000007bcc00000,0x00000007be579100,0x00000007be580000)
  to   space 27136K, 0% used [0x00000007be580000,0x00000007be580000,0x00000007c0000000)
 ParOldGen       total 82432K, used 55235K [0x0000000780000000, 0x0000000785080000, 0x00000007aab00000)
  object space 82432K, 67% used [0x0000000780000000,0x00000007835f0e20,0x0000000785080000)
 Metaspace       used 63349K, capacity 66993K, committed 67328K, reserved 1107968K
  class space    used 8082K, capacity 8855K, committed 8960K, reserved 1048576K
Event: 293.133 GC heap after
Heap after GC invocations=19 (full 3):
 PSYoungGen      total 304640K, used 27133K [0x00000007aab00000, 0x00000007c0000000, 0x00000007c0000000)
  eden space 277504K, 0% used [0x00000007aab00000,0x00000007aab00000,0x00000007bba00000)
  from space 27136K, 99% used [0x00000007be580000,0x00000007bffff4e0,0x00000007c0000000)
  to   space 35840K, 0% used [0x00000007bba00000,0x00000007bba00000,0x00000007bdd00000)
 ParOldGen       total 82432K, used 60744K [0x0000000780000000, 0x0000000785080000, 0x00000007aab00000)
  object space 82432K, 73% used [0x0000000780000000,0x0000000783b521b0,0x0000000785080000)
 Metaspace       used 63349K, capacity 66993K, committed 67328K, reserved 1107968K
  class space    used 8082K, capacity 8855K, committed 8960K, reserved 1048576K
}
Event: 299.481 GC heap before
{Heap before GC invocations=20 (full 3):
 PSYoungGen      total 304640K, used 260307K [0x00000007aab00000, 0x00000007c0000000, 0x00000007c0000000)
  eden space 277504K, 84% used [0x00000007aab00000,0x00000007b8eb59f8,0x00000007bba00000)
  from space 27136K, 99% used [0x00000007be580000,0x00000007bffff4e0,0x00000007c0000000)
  to   space 35840K, 0% used [0x00000007bba00000,0x00000007bba00000,0x00000007bdd00000)
 ParOldGen       total 82432K, used 60744K [0x0000000780000000, 0x0000000785080000, 0x00000007aab00000)
  object space 82432K, 73% used [0x0000000780000000,0x0000000783b521b0,0x0000000785080000)
 Metaspace       used 66068K, capacity 69897K, committed 70144K, reserved 1110016K
  class space    used 8384K, capacity 9175K, committed 9216K, reserved 1048576K
Event: 299.520 GC heap after
Heap after GC invocations=20 (full 3):
 PSYoungGen      total 313344K, used 5094K [0x00000007aab00000, 0x00000007c0000000, 0x00000007c0000000)
  eden space 277504K, 0% used [0x00000007aab00000,0x00000007aab00000,0x00000007bba00000)
  from space 35840K, 14% used [0x00000007bba00000,0x00000007bbef9b70,0x00000007bdd00000)
  to   space 35840K, 0% used [0x00000007bdd00000,0x00000007bdd00000,0x00000007c0000000)
 ParOldGen       total 82432K, used 76898K [0x0000000780000000, 0x0000000785080000, 0x00000007aab00000)
  object space 82432K, 93% used [0x0000000780000000,0x0000000784b18b70,0x0000000785080000)
 Metaspace       used 66068K, capacity 69897K, committed 70144K, reserved 1110016K
  class space    used 8384K, capacity 9175K, committed 9216K, reserved 1048576K
}
Event: 299.520 GC heap before
{Heap before GC invocations=21 (full 4):
 PSYoungGen      total 313344K, used 5094K [0x00000007aab00000, 0x00000007c0000000, 0x00000007c0000000)
  eden space 277504K, 0% used [0x00000007aab00000,0x00000007aab00000,0x00000007bba00000)
  from space 35840K, 14% used [0x00000007bba00000,0x00000007bbef9b70,0x00000007bdd00000)
  to   space 35840K, 0% used [0x00000007bdd00000,0x00000007bdd00000,0x00000007c0000000)
 ParOldGen       total 82432K, used 76898K [0x0000000780000000, 0x0000000785080000, 0x00000007aab00000)
  object space 82432K, 93% used [0x0000000780000000,0x0000000784b18b70,0x0000000785080000)
 Metaspace       used 66068K, capacity 69897K, committed 70144K, reserved 1110016K
  class space    used 8384K, capacity 9175K, committed 9216K, reserved 1048576K
Event: 300.304 GC heap after
Heap after GC invocations=21 (full 4):
 PSYoungGen      total 313344K, used 0K [0x00000007aab00000, 0x00000007c0000000, 0x00000007c0000000)
  eden space 277504K, 0% used [0x00000007aab00000,0x00000007aab00000,0x00000007bba00000)
  from space 35840K, 0% used [0x00000007bba00000,0x00000007bba00000,0x00000007bdd00000)
  to   space 35840K, 0% used [0x00000007bdd00000,0x00000007bdd00000,0x00000007c0000000)
 ParOldGen       total 82432K, used 71922K [0x0000000780000000, 0x0000000785080000, 0x00000007aab00000)
  object space 82432K, 87% used [0x0000000780000000,0x000000078463cae0,0x0000000785080000)
 Metaspace       used 66068K, capacity 69897K, committed 70144K, reserved 1110016K
  class space    used 8384K, capacity 9175K, committed 9216K, reserved 1048576K
}

Deoptimization events (10 events):
Event: 587.837 Thread 0x00007feef8f86000 Uncommon trap: reason=class_check action=maybe_recompile pc=0x000000010b312d48 method=com.google.common.cache.LocalCache$Segment.drainRecencyQueue()V @ 4
Event: 587.853 Thread 0x00007feef8f86000 Uncommon trap: reason=unstable_if action=reinterpret pc=0x000000010aeb25f4 method=java.lang.Long.stringSize(J)I @ 11
Event: 587.874 Thread 0x00007feef8f86000 Uncommon trap: reason=unstable_if action=reinterpret pc=0x000000010a704e4c method=com.sun.org.apache.xerces.internal.dom.NodeImpl.isNormalized(Z)V @ 1
Event: 589.618 Thread 0x00007feef8f86000 Uncommon trap: reason=null_check action=make_not_entrant pc=0x000000010ba47600 method=org.codehaus.groovy.runtime.typehandling.DefaultTypeTransformation.castToType(Ljava/lang/Object;Ljava/lang/Class;)Ljava/lang/Object; @ 28
Event: 590.564 Thread 0x00007feef8f86000 Uncommon trap: reason=predicate action=maybe_recompile pc=0x000000010bcdf6d4 method=java.util.LinkedList.toArray([Ljava/lang/Object;)[Ljava/lang/Object; @ 45
Event: 590.625 Thread 0x00007feef8f86000 Uncommon trap: reason=array_check action=maybe_recompile pc=0x000000010bcdd0d4 method=java.util.LinkedList.toArray([Ljava/lang/Object;)[Ljava/lang/Object; @ 55
Event: 590.625 Thread 0x00007feef8f86000 Uncommon trap: reason=array_check action=maybe_recompile pc=0x000000010bcdd0d4 method=java.util.LinkedList.toArray([Ljava/lang/Object;)[Ljava/lang/Object; @ 55
Event: 590.630 Thread 0x00007feef8f86000 Uncommon trap: reason=array_check action=maybe_recompile pc=0x000000010bcdd0d4 method=java.util.LinkedList.toArray([Ljava/lang/Object;)[Ljava/lang/Object; @ 55
Event: 590.630 Thread 0x00007feef8f86000 Uncommon trap: reason=array_check action=maybe_recompile pc=0x000000010bcdd0d4 method=java.util.LinkedList.toArray([Ljava/lang/Object;)[Ljava/lang/Object; @ 55
Event: 591.051 Thread 0x00007feef8f86000 Uncommon trap: reason=null_check action=make_not_entrant pc=0x000000010bedacd4 method=java.lang.Class.isEnum()Z @ 1

Internal exceptions (10 events):
Event: 293.530 Thread 0x00007feef97b7800 Exception <a 'java/io/FileNotFoundException'> (0x00000007ab210170) thrown at [/Users/java_re/workspace/8-2-build-macosx-x86_64/jdk8u65/4987/hotspot/src/share/vm/prims/jni.cpp, line 709]
Event: 298.453 Thread 0x00007feef7fa5000 Implicit null exception at 0x000000010bc999a1 to 0x000000010bc9e089
Event: 298.472 Thread 0x00007feef7fa5000 Implicit null exception at 0x000000010bc7edfb to 0x000000010bc7ce11
Event: 299.453 Thread 0x00007feef7fa5000 Exception <a 'java/lang/reflect/InvocationTargetException'> (0x00000007b8d7c9f0) thrown at [/Users/java_re/workspace/8-2-build-macosx-x86_64/jdk8u65/4987/hotspot/src/share/vm/runtime/reflection.cpp, line 1092]
Event: 587.770 Thread 0x00007feef8f86000 Exception <a 'java/lang/ClassNotFoundException': asLocalRepo48_ek6g5ppoelcq6wx4xwo5b3u7uBeanInfo> (0x00000007ab3a7a18) thrown at [/Users/java_re/workspace/8-2-build-macosx-x86_64/jdk8u65/4987/hotspot/src/share/vm/classfile/systemDictionary.cpp, line 210]
Event: 587.770 Thread 0x00007feef8f86000 Exception <a 'java/lang/ClassNotFoundException': asLocalRepo48_ek6g5ppoelcq6wx4xwo5b3u7uCustomizer> (0x00000007ab3b1410) thrown at [/Users/java_re/workspace/8-2-build-macosx-x86_64/jdk8u65/4987/hotspot/src/share/vm/classfile/systemDictionary.cpp, line 210
Event: 589.303 Thread 0x00007feef8f86000 Exception <a 'java/lang/ClassNotFoundException': build_3krs7mjb37109b0r70k9slb5qBeanInfo> (0x00000007af755fb0) thrown at [/Users/java_re/workspace/8-2-build-macosx-x86_64/jdk8u65/4987/hotspot/src/share/vm/classfile/systemDictionary.cpp, line 210]
Event: 589.304 Thread 0x00007feef8f86000 Exception <a 'java/lang/ClassNotFoundException': build_3krs7mjb37109b0r70k9slb5qCustomizer> (0x00000007af7633c8) thrown at [/Users/java_re/workspace/8-2-build-macosx-x86_64/jdk8u65/4987/hotspot/src/share/vm/classfile/systemDictionary.cpp, line 210]
Event: 589.791 Thread 0x00007feef8f86000 Exception <a 'java/lang/ClassNotFoundException': build_bjtmrj6i01yq662x1e0wp1z57BeanInfo> (0x00000007b169c940) thrown at [/Users/java_re/workspace/8-2-build-macosx-x86_64/jdk8u65/4987/hotspot/src/share/vm/classfile/systemDictionary.cpp, line 210]
Event: 589.791 Thread 0x00007feef8f86000 Exception <a 'java/lang/ClassNotFoundException': build_bjtmrj6i01yq662x1e0wp1z57Customizer> (0x00000007b16aaa80) thrown at [/Users/java_re/workspace/8-2-build-macosx-x86_64/jdk8u65/4987/hotspot/src/share/vm/classfile/systemDictionary.cpp, line 210]

Events (10 events):
Event: 590.630 Thread 0x00007feef8f86000 DEOPT PACKING pc=0x000000010bcdd0d4 sp=0x000070000b186960
Event: 590.630 Thread 0x00007feef8f86000 DEOPT UNPACKING pc=0x00000001098b0229 sp=0x000070000b186910 mode 2
Event: 590.630 Thread 0x00007feef8f86000 Uncommon trap: trap_request=0xffffffd6 fr.pc=0x000000010bcdd0d4
Event: 590.630 Thread 0x00007feef8f86000 DEOPT PACKING pc=0x000000010bcdd0d4 sp=0x000070000b186960
Event: 590.630 Thread 0x00007feef8f86000 DEOPT UNPACKING pc=0x00000001098b0229 sp=0x000070000b186910 mode 2
Event: 590.944 Executing VM operation: ForceSafepoint
Event: 590.944 Executing VM operation: ForceSafepoint done
Event: 591.051 Thread 0x00007feef8f86000 Uncommon trap: trap_request=0xfffffff4 fr.pc=0x000000010bedacd4
Event: 591.051 Thread 0x00007feef8f86000 DEOPT PACKING pc=0x000000010bedacd4 sp=0x000070000b187710
Event: 591.051 Thread 0x00007feef8f86000 DEOPT UNPACKING pc=0x00000001098b0229 sp=0x000070000b187678 mode 2


Dynamic libraries:
0x000000002071f000 	/System/Library/Frameworks/Cocoa.framework/Versions/A/Cocoa
0x000000002071f000 	/System/Library/Frameworks/Security.framework/Versions/A/Security
0x000000002071f000 	/System/Library/Frameworks/ApplicationServices.framework/Versions/A/ApplicationServices
0x000000002071f000 	/usr/lib/libz.1.dylib
0x000000002071f000 	/usr/lib/libSystem.B.dylib
0x000000002071f000 	/usr/lib/libobjc.A.dylib
0x000000002071f000 	/System/Library/Frameworks/CoreFoundation.framework/Versions/A/CoreFoundation
0x000000002071f000 	/System/Library/Frameworks/Foundation.framework/Versions/C/Foundation
0x000000002071f000 	/System/Library/Frameworks/AppKit.framework/Versions/C/AppKit
0x000000002071f000 	/System/Library/Frameworks/CoreData.framework/Versions/A/CoreData
0x000000002071f000 	/System/Library/PrivateFrameworks/RemoteViewServices.framework/Versions/A/RemoteViewServices
0x000000002071f000 	/System/Library/PrivateFrameworks/UIFoundation.framework/Versions/A/UIFoundation
0x000000002071f000 	/usr/lib/libenergytrace.dylib
0x000000002071f000 	/System/Library/PrivateFrameworks/SkyLight.framework/Versions/A/SkyLight
0x000000002071f000 	/System/Library/Frameworks/CoreGraphics.framework/Versions/A/CoreGraphics
0x000000002071f000 	/usr/lib/libScreenReader.dylib
0x000000002071f000 	/System/Library/Frameworks/Accelerate.framework/Versions/A/Accelerate
0x000000002071f000 	/System/Library/Frameworks/IOSurface.framework/Versions/A/IOSurface
0x000000002071f000 	/System/Library/Frameworks/AudioToolbox.framework/Versions/A/AudioToolbox
0x000000002071f000 	/System/Library/Frameworks/AudioUnit.framework/Versions/A/AudioUnit
0x000000002071f000 	/System/Library/PrivateFrameworks/DataDetectorsCore.framework/Versions/A/DataDetectorsCore
0x000000002071f000 	/System/Library/PrivateFrameworks/DesktopServicesPriv.framework/Versions/A/DesktopServicesPriv
0x000000002071f000 	/System/Library/Frameworks/Carbon.framework/Versions/A/Frameworks/HIToolbox.framework/Versions/A/HIToolbox
0x000000002071f000 	/usr/lib/libicucore.A.dylib
0x000000002071f000 	/System/Library/Frameworks/QuartzCore.framework/Versions/A/QuartzCore
0x000000002071f000 	/System/Library/Frameworks/Carbon.framework/Versions/A/Frameworks/SpeechRecognition.framework/Versions/A/SpeechRecognition
0x000000002071f000 	/usr/lib/libauto.dylib
0x000000002071f000 	/usr/lib/libxml2.2.dylib
0x000000002071f000 	/System/Library/PrivateFrameworks/CoreUI.framework/Versions/A/CoreUI
0x000000002071f000 	/System/Library/Frameworks/CoreAudio.framework/Versions/A/CoreAudio
0x000000002071f000 	/System/Library/Frameworks/DiskArbitration.framework/Versions/A/DiskArbitration
0x000000002071f000 	/usr/lib/liblangid.dylib
0x000000002071f000 	/System/Library/PrivateFrameworks/MultitouchSupport.framework/Versions/A/MultitouchSupport
0x000000002071f000 	/System/Library/Frameworks/IOKit.framework/Versions/A/IOKit
0x000000002071f000 	/usr/lib/libDiagnosticMessagesClient.dylib
0x000000002071f000 	/System/Library/Frameworks/CoreServices.framework/Versions/A/CoreServices
0x000000002071f000 	/System/Library/PrivateFrameworks/PerformanceAnalysis.framework/Versions/A/PerformanceAnalysis
0x000000002071f000 	/System/Library/PrivateFrameworks/GenerationalStorage.framework/Versions/A/GenerationalStorage
0x000000002071f000 	/System/Library/Frameworks/OpenGL.framework/Versions/A/OpenGL
0x000000002071f000 	/System/Library/Frameworks/CoreImage.framework/Versions/A/CoreImage
0x000000002071f000 	/System/Library/Frameworks/CoreText.framework/Versions/A/CoreText
0x000000002071f000 	/System/Library/Frameworks/ImageIO.framework/Versions/A/ImageIO
0x000000002071f000 	/System/Library/PrivateFrameworks/Backup.framework/Versions/A/Backup
0x000000002071f000 	/usr/lib/libarchive.2.dylib
0x000000002071f000 	/System/Library/Frameworks/CFNetwork.framework/Versions/A/CFNetwork
0x000000002071f000 	/System/Library/Frameworks/SystemConfiguration.framework/Versions/A/SystemConfiguration
0x000000002071f000 	/usr/lib/libCRFSuite.dylib
0x000000002071f000 	/usr/lib/libc++.1.dylib
0x000000002071f000 	/usr/lib/libc++abi.dylib
0x000000002071f000 	/usr/lib/system/libcache.dylib
0x000000002071f000 	/usr/lib/system/libcommonCrypto.dylib
0x000000002071f000 	/usr/lib/system/libcompiler_rt.dylib
0x000000002071f000 	/usr/lib/system/libcopyfile.dylib
0x000000002071f000 	/usr/lib/system/libcorecrypto.dylib
0x000000002071f000 	/usr/lib/system/libdispatch.dylib
0x000000002071f000 	/usr/lib/system/libdyld.dylib
0x000000002071f000 	/usr/lib/system/libkeymgr.dylib
0x000000002071f000 	/usr/lib/system/liblaunch.dylib
0x000000002071f000 	/usr/lib/system/libmacho.dylib
0x000000002071f000 	/usr/lib/system/libquarantine.dylib
0x000000002071f000 	/usr/lib/system/libremovefile.dylib
0x000000002071f000 	/usr/lib/system/libsystem_asl.dylib
0x000000002071f000 	/usr/lib/system/libsystem_blocks.dylib
0x000000002071f000 	/usr/lib/system/libsystem_c.dylib
0x000000002071f000 	/usr/lib/system/libsystem_configuration.dylib
0x000000002071f000 	/usr/lib/system/libsystem_coreservices.dylib
0x000000002071f000 	/usr/lib/system/libsystem_coretls.dylib
0x000000002071f000 	/usr/lib/system/libsystem_dnssd.dylib
0x000000002071f000 	/usr/lib/system/libsystem_info.dylib
0x000000002071f000 	/usr/lib/system/libsystem_kernel.dylib
0x000000002071f000 	/usr/lib/system/libsystem_m.dylib
0x000000002071f000 	/usr/lib/system/libsystem_malloc.dylib
0x000000002071f000 	/usr/lib/system/libsystem_network.dylib
0x000000002071f000 	/usr/lib/system/libsystem_networkextension.dylib
0x000000002071f000 	/usr/lib/system/libsystem_notify.dylib
0x000000002071f000 	/usr/lib/system/libsystem_platform.dylib
0x000000002071f000 	/usr/lib/system/libsystem_pthread.dylib
0x000000002071f000 	/usr/lib/system/libsystem_sandbox.dylib
0x000000002071f000 	/usr/lib/system/libsystem_secinit.dylib
0x000000002071f000 	/usr/lib/system/libsystem_symptoms.dylib
0x000000002071f000 	/usr/lib/system/libsystem_trace.dylib
0x000000002071f000 	/usr/lib/system/libunwind.dylib
0x000000002071f000 	/usr/lib/system/libxpc.dylib
0x000000002071f000 	/usr/lib/libbsm.0.dylib
0x000000002071f000 	/usr/lib/system/libkxld.dylib
0x000000002071f000 	/usr/lib/libcoretls.dylib
0x000000002071f000 	/usr/lib/libcoretls_cfhelpers.dylib
0x000000002071f000 	/usr/lib/libxar.1.dylib
0x000000002071f000 	/usr/lib/libsqlite3.dylib
0x000000002071f000 	/usr/lib/libpam.2.dylib
0x000000002071f000 	/usr/lib/libOpenScriptingUtil.dylib
0x000000002071f000 	/usr/lib/libbz2.1.0.dylib
0x000000002071f000 	/usr/lib/liblzma.5.dylib
0x000000002071f000 	/usr/lib/libnetwork.dylib
0x000000002071f000 	/usr/lib/libpcap.A.dylib
0x000000002071f000 	/System/Library/Frameworks/CoreServices.framework/Versions/A/Frameworks/FSEvents.framework/Versions/A/FSEvents
0x000000002071f000 	/System/Library/Frameworks/CoreServices.framework/Versions/A/Frameworks/CarbonCore.framework/Versions/A/CarbonCore
0x000000002071f000 	/System/Library/Frameworks/CoreServices.framework/Versions/A/Frameworks/Metadata.framework/Versions/A/Metadata
0x000000002071f000 	/System/Library/Frameworks/CoreServices.framework/Versions/A/Frameworks/OSServices.framework/Versions/A/OSServices
0x000000002071f000 	/System/Library/Frameworks/CoreServices.framework/Versions/A/Frameworks/SearchKit.framework/Versions/A/SearchKit
0x000000002071f000 	/System/Library/Frameworks/CoreServices.framework/Versions/A/Frameworks/AE.framework/Versions/A/AE
0x000000002071f000 	/System/Library/Frameworks/CoreServices.framework/Versions/A/Frameworks/LaunchServices.framework/Versions/A/LaunchServices
0x000000002071f000 	/System/Library/Frameworks/CoreServices.framework/Versions/A/Frameworks/DictionaryServices.framework/Versions/A/DictionaryServices
0x000000002071f000 	/System/Library/Frameworks/CoreServices.framework/Versions/A/Frameworks/SharedFileList.framework/Versions/A/SharedFileList
0x000000002071f000 	/System/Library/Frameworks/NetFS.framework/Versions/A/NetFS
0x000000002071f000 	/System/Library/PrivateFrameworks/NetAuth.framework/Versions/A/NetAuth
0x000000002071f000 	/System/Library/PrivateFrameworks/login.framework/Versions/A/Frameworks/loginsupport.framework/Versions/A/loginsupport
0x000000002071f000 	/System/Library/PrivateFrameworks/TCC.framework/Versions/A/TCC
0x000000002071f000 	/usr/lib/libmecabra.dylib
0x000000002071f000 	/System/Library/Frameworks/ApplicationServices.framework/Versions/A/Frameworks/ATS.framework/Versions/A/ATS
0x000000002071f000 	/System/Library/Frameworks/ApplicationServices.framework/Versions/A/Frameworks/ColorSync.framework/Versions/A/ColorSync
0x000000002071f000 	/System/Library/Frameworks/ApplicationServices.framework/Versions/A/Frameworks/HIServices.framework/Versions/A/HIServices
0x000000002071f000 	/System/Library/Frameworks/ApplicationServices.framework/Versions/A/Frameworks/LangAnalysis.framework/Versions/A/LangAnalysis
0x000000002071f000 	/System/Library/Frameworks/ApplicationServices.framework/Versions/A/Frameworks/PrintCore.framework/Versions/A/PrintCore
0x000000002071f000 	/System/Library/Frameworks/ApplicationServices.framework/Versions/A/Frameworks/QD.framework/Versions/A/QD
0x000000002071f000 	/System/Library/Frameworks/ApplicationServices.framework/Versions/A/Frameworks/SpeechSynthesis.framework/Versions/A/SpeechSynthesis
0x000000002071f000 	/System/Library/Frameworks/Accelerate.framework/Versions/A/Frameworks/vImage.framework/Versions/A/vImage
0x000000002071f000 	/System/Library/Frameworks/Accelerate.framework/Versions/A/Frameworks/vecLib.framework/Versions/A/vecLib
0x000000002071f000 	/System/Library/Frameworks/Accelerate.framework/Versions/A/Frameworks/vecLib.framework/Versions/A/libvDSP.dylib
0x000000002071f000 	/System/Library/Frameworks/Accelerate.framework/Versions/A/Frameworks/vecLib.framework/Versions/A/libBNNS.dylib
0x000000002071f000 	/System/Library/Frameworks/Accelerate.framework/Versions/A/Frameworks/vecLib.framework/Versions/A/libQuadrature.dylib
0x000000002071f000 	/System/Library/Frameworks/Accelerate.framework/Versions/A/Frameworks/vecLib.framework/Versions/A/libvMisc.dylib
0x000000002071f000 	/System/Library/Frameworks/Accelerate.framework/Versions/A/Frameworks/vecLib.framework/Versions/A/libLAPACK.dylib
0x000000002071f000 	/System/Library/Frameworks/Accelerate.framework/Versions/A/Frameworks/vecLib.framework/Versions/A/libBLAS.dylib
0x000000002071f000 	/System/Library/Frameworks/Accelerate.framework/Versions/A/Frameworks/vecLib.framework/Versions/A/libLinearAlgebra.dylib
0x000000002071f000 	/System/Library/Frameworks/Accelerate.framework/Versions/A/Frameworks/vecLib.framework/Versions/A/libSparseBLAS.dylib
0x000000002071f000 	/System/Library/Frameworks/ApplicationServices.framework/Versions/A/Frameworks/ATS.framework/Versions/A/Resources/libFontParser.dylib
0x000000002071f000 	/System/Library/Frameworks/ApplicationServices.framework/Versions/A/Frameworks/ATS.framework/Versions/A/Resources/libFontRegistry.dylib
0x000000002071f000 	/System/Library/Frameworks/ImageIO.framework/Versions/A/Resources/libJPEG.dylib
0x000000002071f000 	/System/Library/Frameworks/ImageIO.framework/Versions/A/Resources/libTIFF.dylib
0x000000002071f000 	/System/Library/Frameworks/ImageIO.framework/Versions/A/Resources/libPng.dylib
0x000000002071f000 	/System/Library/Frameworks/ImageIO.framework/Versions/A/Resources/libGIF.dylib
0x000000002071f000 	/System/Library/Frameworks/ImageIO.framework/Versions/A/Resources/libJP2.dylib
0x000000002071f000 	/System/Library/Frameworks/ImageIO.framework/Versions/A/Resources/libRadiance.dylib
0x000000002071f000 	/usr/lib/libcompression.dylib
0x000000002071f000 	/System/Library/PrivateFrameworks/AppleJPEG.framework/Versions/A/AppleJPEG
0x000000002071f000 	/usr/lib/libcups.2.dylib
0x000000002071f000 	/System/Library/Frameworks/Kerberos.framework/Versions/A/Kerberos
0x000000002071f000 	/System/Library/Frameworks/GSS.framework/Versions/A/GSS
0x000000002071f000 	/usr/lib/libresolv.9.dylib
0x000000002071f000 	/usr/lib/libiconv.2.dylib
0x000000002071f000 	/System/Library/PrivateFrameworks/Heimdal.framework/Versions/A/Heimdal
0x000000002071f000 	/usr/lib/libheimdal-asn1.dylib
0x000000002071f000 	/System/Library/Frameworks/OpenDirectory.framework/Versions/A/OpenDirectory
0x000000002071f000 	/System/Library/PrivateFrameworks/CommonAuth.framework/Versions/A/CommonAuth
0x000000002071f000 	/System/Library/Frameworks/OpenDirectory.framework/Versions/A/Frameworks/CFOpenDirectory.framework/Versions/A/CFOpenDirectory
0x000000002071f000 	/System/Library/Frameworks/SecurityFoundation.framework/Versions/A/SecurityFoundation
0x000000002071f000 	/System/Library/PrivateFrameworks/LanguageModeling.framework/Versions/A/LanguageModeling
0x000000002071f000 	/usr/lib/libmarisa.dylib
0x000000002071f000 	/usr/lib/libChineseTokenizer.dylib
0x000000002071f000 	/usr/lib/libcmph.dylib
0x000000002071f000 	/System/Library/PrivateFrameworks/CoreEmoji.framework/Versions/A/CoreEmoji
0x000000002071f000 	/System/Library/Frameworks/ServiceManagement.framework/Versions/A/ServiceManagement
0x000000002071f000 	/usr/lib/libxslt.1.dylib
0x000000002071f000 	/System/Library/Frameworks/Carbon.framework/Versions/A/Frameworks/Ink.framework/Versions/A/Ink
0x000000002071f000 	/System/Library/PrivateFrameworks/TextureIO.framework/Versions/A/TextureIO
0x000000002071f000 	/System/Library/Frameworks/Metal.framework/Versions/A/Metal
0x000000002071f000 	/usr/lib/libate.dylib
0x000000002071f000 	/System/Library/PrivateFrameworks/GPUCompiler.framework/libmetal_timestamp.dylib
0x000000002071f000 	/System/Library/Frameworks/OpenGL.framework/Versions/A/Libraries/libCoreFSCache.dylib
0x000000002071f000 	/System/Library/PrivateFrameworks/IOAccelerator.framework/Versions/A/IOAccelerator
0x000000002071f000 	/System/Library/Frameworks/CoreVideo.framework/Versions/A/CoreVideo
0x000000002071f000 	/usr/lib/libFosl_dynamic.dylib
0x000000002071f000 	/System/Library/PrivateFrameworks/MetalPerformanceShaders.framework/Versions/A/MetalPerformanceShaders
0x000000002071f000 	/System/Library/PrivateFrameworks/FaceCore.framework/Versions/A/FaceCore
0x000000002071f000 	/System/Library/Frameworks/OpenCL.framework/Versions/A/OpenCL
0x000000002071f000 	/System/Library/Frameworks/OpenGL.framework/Versions/A/Libraries/libGLU.dylib
0x000000002071f000 	/System/Library/Frameworks/OpenGL.framework/Versions/A/Libraries/libGFXShared.dylib
0x000000002071f000 	/System/Library/Frameworks/OpenGL.framework/Versions/A/Libraries/libGL.dylib
0x000000002071f000 	/System/Library/Frameworks/OpenGL.framework/Versions/A/Libraries/libGLImage.dylib
0x000000002071f000 	/System/Library/Frameworks/OpenGL.framework/Versions/A/Libraries/libCVMSPluginSupport.dylib
0x000000002071f000 	/System/Library/Frameworks/OpenGL.framework/Versions/A/Libraries/libCoreVMClient.dylib
0x000000002071f000 	/System/Library/PrivateFrameworks/CrashReporterSupport.framework/Versions/A/CrashReporterSupport
0x000000002071f000 	/System/Library/PrivateFrameworks/Sharing.framework/Versions/A/Sharing
0x000000002071f000 	/System/Library/PrivateFrameworks/IconServices.framework/Versions/A/IconServices
0x000000002071f000 	/System/Library/PrivateFrameworks/ProtocolBuffer.framework/Versions/A/ProtocolBuffer
0x000000002071f000 	/System/Library/PrivateFrameworks/Apple80211.framework/Versions/A/Apple80211
0x000000002071f000 	/System/Library/Frameworks/CoreWLAN.framework/Versions/A/CoreWLAN
0x000000002071f000 	/System/Library/PrivateFrameworks/CoreUtils.framework/Versions/A/CoreUtils
0x000000002071f000 	/System/Library/Frameworks/IOBluetooth.framework/Versions/A/IOBluetooth
0x000000002071f000 	/System/Library/PrivateFrameworks/CoreWiFi.framework/Versions/A/CoreWiFi
0x000000002071f000 	/System/Library/Frameworks/CoreBluetooth.framework/Versions/A/CoreBluetooth
0x000000002071f000 	/System/Library/Frameworks/CoreDisplay.framework/Versions/A/CoreDisplay
0x000000002071f000 	/System/Library/PrivateFrameworks/IOPresentment.framework/Versions/A/IOPresentment
0x000000002071f000 	/System/Library/PrivateFrameworks/DebugSymbols.framework/Versions/A/DebugSymbols
0x000000002071f000 	/System/Library/PrivateFrameworks/CoreSymbolication.framework/Versions/A/CoreSymbolication
0x000000002071f000 	/System/Library/PrivateFrameworks/Symbolication.framework/Versions/A/Symbolication
0x000000002071f000 	/System/Library/PrivateFrameworks/AppleFSCompression.framework/Versions/A/AppleFSCompression
0x000000002071f000 	/System/Library/PrivateFrameworks/SpeechRecognitionCore.framework/Versions/A/SpeechRecognitionCore
0x000000002071f000 	/System/Library/PrivateFrameworks/ChunkingLibrary.framework/Versions/A/ChunkingLibrary
0x0000000101170000 	/System/Library/CoreServices/Encodings/libSimplifiedChineseConverter.dylib
0x0000000101a00000 	/Library/Java/JavaVirtualMachines/jdk1.8.0_65.jdk/Contents/Home/jre/lib/server/libjvm.dylib
0x000000002071f000 	/usr/lib/libstdc++.6.dylib
0x00000001011b4000 	/Library/Java/JavaVirtualMachines/jdk1.8.0_65.jdk/Contents/Home/jre/lib/libverify.dylib
0x00000001011c2000 	/Library/Java/JavaVirtualMachines/jdk1.8.0_65.jdk/Contents/Home/jre/lib/libjava.dylib
0x0000000102991000 	/Library/Java/JavaVirtualMachines/jdk1.8.0_65.jdk/Contents/Home/jre/lib/libzip.dylib
0x0000000106d93000 	/System/Library/Frameworks/JavaVM.framework/Frameworks/JavaRuntimeSupport.framework/JavaRuntimeSupport
0x0000000106dad000 	/System/Library/Frameworks/JavaVM.framework/Versions/A/Frameworks/JavaNativeFoundation.framework/Versions/A/JavaNativeFoundation
0x0000000106dc2000 	/System/Library/Frameworks/JavaVM.framework/Versions/A/JavaVM
0x000000002071f000 	/System/Library/Frameworks/Carbon.framework/Versions/A/Carbon
0x0000000106dcf000 	/System/Library/PrivateFrameworks/JavaLaunching.framework/Versions/A/JavaLaunching
0x000000002071f000 	/System/Library/Frameworks/Carbon.framework/Versions/A/Frameworks/CommonPanels.framework/Versions/A/CommonPanels
0x000000002071f000 	/System/Library/Frameworks/Carbon.framework/Versions/A/Frameworks/Help.framework/Versions/A/Help
0x000000002071f000 	/System/Library/Frameworks/Carbon.framework/Versions/A/Frameworks/ImageCapture.framework/Versions/A/ImageCapture
0x000000002071f000 	/System/Library/Frameworks/Carbon.framework/Versions/A/Frameworks/OpenScripting.framework/Versions/A/OpenScripting
0x000000002071f000 	/System/Library/Frameworks/Carbon.framework/Versions/A/Frameworks/Print.framework/Versions/A/Print
0x000000002071f000 	/System/Library/Frameworks/Carbon.framework/Versions/A/Frameworks/SecurityHI.framework/Versions/A/SecurityHI
0x000000010887d000 	/Library/Java/JavaVirtualMachines/jdk1.8.0_65.jdk/Contents/Home/jre/lib/libnet.dylib
0x00000001088dc000 	/Library/Java/JavaVirtualMachines/jdk1.8.0_65.jdk/Contents/Home/jre/lib/libnio.dylib
0x00000001088ec000 	/Users/yb1026/.gradle/native/19/osx-amd64/libnative-platform.dylib
0x0000000108a9e000 	/Library/Java/JavaVirtualMachines/jdk1.8.0_65.jdk/Contents/Home/jre/lib/libmanagement.dylib
0x000000011b5b8000 	/Library/Java/JavaVirtualMachines/jdk1.8.0_65.jdk/Contents/Home/jre/lib/libawt.dylib
0x000000011bb21000 	/Library/Java/JavaVirtualMachines/jdk1.8.0_65.jdk/Contents/Home/jre/lib/./libmlib_image.dylib
0x000000011b660000 	/Library/Java/JavaVirtualMachines/jdk1.8.0_65.jdk/Contents/Home/jre/lib/libawt_lwawt.dylib
0x0000000108a4e000 	/Library/Java/JavaVirtualMachines/jdk1.8.0_65.jdk/Contents/Home/jre/lib/./libosxapp.dylib
0x000000002071f000 	/System/Library/Frameworks/ExceptionHandling.framework/Versions/A/ExceptionHandling
0x000000002071f000 	/System/Library/PrivateFrameworks/CoreServicesInternal.framework/Versions/A/CoreServicesInternal
0x000000002071f000 	/System/Library/CoreServices/RawCamera.bundle/Contents/MacOS/RawCamera
0x000000002071f000 	/System/Library/Frameworks/Accelerate.framework/Versions/A/Frameworks/vImage.framework/Versions/A/Libraries/libCGInterfaces.dylib
0x000000002071f000 	/System/Library/PrivateFrameworks/FamilyControls.framework/Versions/A/FamilyControls
0x000000002071f000 	/System/Library/PrivateFrameworks/CommerceKit.framework/Versions/A/Frameworks/CommerceCore.framework/Versions/A/CommerceCore
0x000000002071f000 	/System/Library/PrivateFrameworks/SystemAdministration.framework/Versions/A/SystemAdministration
0x000000002071f000 	/System/Library/PrivateFrameworks/AppContainer.framework/Versions/A/AppContainer
0x000000002071f000 	/System/Library/PrivateFrameworks/SecCodeWrapper.framework/Versions/A/SecCodeWrapper
0x000000002071f000 	/System/Library/Frameworks/DirectoryService.framework/Versions/A/DirectoryService
0x000000002071f000 	/System/Library/PrivateFrameworks/DiskImages.framework/Versions/A/DiskImages
0x000000002071f000 	/System/Library/PrivateFrameworks/LoginUIKit.framework/Versions/A/Frameworks/LoginUICore.framework/Versions/A/LoginUICore
0x000000002071f000 	/usr/lib/libCoreStorage.dylib
0x000000002071f000 	/usr/lib/libcsfde.dylib
0x000000002071f000 	/usr/lib/libodfde.dylib
0x000000002071f000 	/System/Library/Frameworks/DiscRecording.framework/Versions/A/DiscRecording
0x000000002071f000 	/usr/lib/libcurl.4.dylib
0x000000002071f000 	/System/Library/PrivateFrameworks/MediaKit.framework/Versions/A/MediaKit
0x000000002071f000 	/System/Library/PrivateFrameworks/ProtectedCloudStorage.framework/Versions/A/ProtectedCloudStorage
0x000000002071f000 	/System/Library/PrivateFrameworks/EFILogin.framework/Versions/A/EFILogin
0x000000002071f000 	/usr/lib/libutil.dylib
0x000000002071f000 	/System/Library/Frameworks/LDAP.framework/Versions/A/LDAP
0x000000002071f000 	/usr/lib/libsasl2.2.dylib
0x000000002071f000 	/System/Library/PrivateFrameworks/CoreDaemon.framework/Versions/B/CoreDaemon
0x000000002071f000 	/System/Library/PrivateFrameworks/AppleSRP.framework/Versions/A/AppleSRP
0x000000002071f000 	/System/Library/PrivateFrameworks/APFS.framework/Versions/A/APFS
0x000000002071f000 	/System/Library/Frameworks/OpenGL.framework/Versions/A/Resources/GLEngine.bundle/GLEngine
0x000000002071f000 	/System/Library/Frameworks/OpenGL.framework/Versions/A/Libraries/libGLProgrammability.dylib
0x000000011e5a0000 	/System/Library/Extensions/AppleIntelBDWGraphicsGLDriver.bundle/Contents/MacOS/AppleIntelBDWGraphicsGLDriver
0x000000002071f000 	/System/Library/PrivateFrameworks/GPUSupport.framework/Versions/A/Libraries/libGPUSupportMercury.dylib
0x000000002071f000 	/System/Library/Frameworks/OpenGL.framework/Versions/A/Resources/GLRendererFloat.bundle/GLRendererFloat
0x000000002071f000 	/System/Library/Frameworks/OpenCL.framework/Versions/A/Libraries/libcldcpuengine.dylib
0x000000002071f000 	/usr/lib/libcrypto.0.9.8.dylib
0x000000002071f000 	/System/Library/PrivateFrameworks/TrustEvaluationAgent.framework/Versions/A/TrustEvaluationAgent
0x0000000109608000 	/Library/Java/JavaVirtualMachines/jdk1.8.0_65.jdk/Contents/Home/jre/lib/libdcpr.dylib

VM Arguments:
jvm_args: -XX:MaxPermSize=256m -XX:+HeapDumpOnOutOfMemoryError -Xmx1024m -Dfile.encoding=UTF-8 -Duser.country=CN -Duser.language=zh -Duser.variant 
java_command: org.gradle.launcher.daemon.bootstrap.GradleDaemon 2.8
java_class_path (initial): /Applications/Android Studio.app/Contents/gradle/gradle-2.8/lib/gradle-launcher-2.8.jar
Launcher Type: SUN_STANDARD

Environment Variables:
PATH=/usr/bin:/bin:/usr/sbin:/sbin
SHELL=/bin/bash

Signal Handlers:
SIGSEGV: [libjvm.dylib+0x5a6d31], sa_mask[0]=11111111011111110111111111111111, sa_flags=SA_ONSTACK|SA_RESTART|SA_SIGINFO
SIGBUS: [libjvm.dylib+0x5a6d31], sa_mask[0]=11111111011111110111111111111111, sa_flags=SA_RESTART|SA_SIGINFO
SIGFPE: [libjvm.dylib+0x480a40], sa_mask[0]=11111111011111110111111111111111, sa_flags=SA_RESTART|SA_SIGINFO
SIGPIPE: [libjvm.dylib+0x480a40], sa_mask[0]=11111111011111110111111111111111, sa_flags=SA_RESTART|SA_SIGINFO
SIGXFSZ: [libjvm.dylib+0x480a40], sa_mask[0]=11111111011111110111111111111111, sa_flags=SA_RESTART|SA_SIGINFO
SIGILL: [libjvm.dylib+0x480a40], sa_mask[0]=11111111011111110111111111111111, sa_flags=SA_RESTART|SA_SIGINFO
SIGUSR1: SIG_DFL, sa_mask[0]=00000000000000000000000000000000, sa_flags=none
SIGUSR2: [libjvm.dylib+0x48055e], sa_mask[0]=00100000000000000000000000000000, sa_flags=SA_RESTART|SA_SIGINFO
SIGHUP: [libjvm.dylib+0x47eb35], sa_mask[0]=11111111011111110111111111111111, sa_flags=SA_RESTART|SA_SIGINFO
SIGINT: [libjvm.dylib+0x47eb35], sa_mask[0]=11111111011111110111111111111111, sa_flags=SA_RESTART|SA_SIGINFO
SIGTERM: [libjvm.dylib+0x47eb35], sa_mask[0]=11111111011111110111111111111111, sa_flags=SA_RESTART|SA_SIGINFO
SIGQUIT: [libjvm.dylib+0x47eb35], sa_mask[0]=11111111011111110111111111111111, sa_flags=SA_RESTART|SA_SIGINFO


---------------  S Y S T E M  ---------------

OS:Bsduname:Darwin 16.0.0 Darwin Kernel Version 16.0.0: Mon Aug 29 17:56:20 PDT 2016; root:xnu-3789.1.32~3/RELEASE_X86_64 x86_64
rlimit: STACK 8192k, CORE 0k, NPROC 709, NOFILE 10240, AS infinity
load average:3.81 3.78 3.61

CPU:total 4 (2 cores per cpu, 2 threads per core) family 6 model 61 stepping 4, cmov, cx8, fxsr, mmx, sse, sse2, sse3, ssse3, sse4.1, sse4.2, popcnt, avx, avx2, aes, clmul, erms, 3dnowpref, lzcnt, ht, tsc, tscinvbit, bmi1, bmi2, adx

Memory: 4k page, physical 8388608k(24644k free)

/proc/meminfo:


vm_info: Java HotSpot(TM) 64-Bit Server VM (25.65-b01) for bsd-amd64 JRE (1.8.0_65-b17), built on Oct  6 2015 15:36:46 by "java_re" with gcc 4.2.1 (Based on Apple Inc. build 5658) (LLVM build 2336.11.00)

time: Mon Apr 10 15:36:43 2017
elapsed time: 591 seconds (0d 0h 9m 51s)

